app/build/intermediates/manifest_merge_blame_file/debug/manifest-merger-blame-debug-report.txt
1<?xml version="1.0" encoding="utf-8"?>
2<manifest xmlns:android="http://schemas.android.com/apk/res/android"
3    package="com.maria.pastelhub"
4    android:versionCode="3"
5    android:versionName="1.2" >
6
7    <uses-sdk
8        android:minSdkVersion="19"
8-->src\main\AndroidManifest.xml
9        android:targetSdkVersion="31" />
9-->src\main\AndroidManifest.xml
10
11    <uses-permission android:name="android.permission.INTERNET" />
11-->src\main\AndroidManifest.xml:6:5-67
11-->src\main\AndroidManifest.xml:6:22-64
12    <uses-permission android:name="android.permission.ACCESS_NETWORK_STATE" />
12-->src\main\AndroidManifest.xml:7:5-78
12-->src\main\AndroidManifest.xml:7:22-76
13    <uses-permission android:name="android.permission.ACCESS_FINE_LOCATION" />
13-->src\main\AndroidManifest.xml:8:5-79
13-->src\main\AndroidManifest.xml:8:22-76
14    <uses-permission android:name="android.permission.ACCESS_COARSE_LOCATION" />
14-->src\main\AndroidManifest.xml:9:5-81
14-->src\main\AndroidManifest.xml:9:22-78
15
16    <queries>
16-->src\main\AndroidManifest.xml:11:5-15:15
17        <intent>
17-->src\main\AndroidManifest.xml:12:9-14:18
18            <action android:name="com.google.android.youtube.api.service.START" />
18-->src\main\AndroidManifest.xml:13:13-83
18-->src\main\AndroidManifest.xml:13:21-80
19        </intent>
20    </queries>
21
22    <application
22-->src\main\AndroidManifest.xml:17:5-124:19
23        android:name="com.maria.pastelhub.application.ICatApplication"
23-->src\main\AndroidManifest.xml:18:9-52
24        android:allowBackup="true"
24-->src\main\AndroidManifest.xml:19:9-35
25        android:appComponentFactory="androidx.core.app.CoreComponentFactory"
25-->[androidx.core:core:1.3.2] AndroidManifest.xml:24:18-86
26        android:debuggable="true"
27        android:fullBackupContent="true"
27-->src\main\AndroidManifest.xml:20:9-41
28        android:hardwareAccelerated="true"
28-->src\main\AndroidManifest.xml:21:9-43
29        android:icon="@mipmap/ic_launcher"
29-->src\main\AndroidManifest.xml:22:9-43
30        android:label="@string/app_name"
30-->src\main\AndroidManifest.xml:23:9-41
31        android:largeHeap="true"
31-->src\main\AndroidManifest.xml:24:9-33
32        android:supportsRtl="true"
32-->src\main\AndroidManifest.xml:25:9-35
33        android:testOnly="true"
34        android:theme="@style/AppTheme"
34-->src\main\AndroidManifest.xml:26:9-40
35        android:usesCleartextTraffic="true" >
35-->src\main\AndroidManifest.xml:27:9-44
36        <activity
36-->src\main\AndroidManifest.xml:29:9-30:83
37            android:name="com.maria.pastelhub.lessons.TamilLkgUkgActivity"
37-->src\main\AndroidManifest.xml:30:13-56
38            android:exported="false" />
38-->src\main\AndroidManifest.xml:30:57-81
39        <activity
39-->src\main\AndroidManifest.xml:31:9-33:40
40            android:name="com.maria.pastelhub.splash_screens.EnglishAnthemActivity"
40-->src\main\AndroidManifest.xml:32:13-65
41            android:exported="false" />
41-->src\main\AndroidManifest.xml:33:13-37
42        <activity
42-->src\main\AndroidManifest.xml:34:9-36:40
43            android:name="com.maria.pastelhub.splash_screens.TamilAnthemActivity"
43-->src\main\AndroidManifest.xml:35:13-63
44            android:exported="false" />
44-->src\main\AndroidManifest.xml:36:13-37
45        <activity
45-->src\main\AndroidManifest.xml:37:9-45:20
46            android:name="com.maria.pastelhub.splash_screens.MainActivity"
46-->src\main\AndroidManifest.xml:38:13-56
47            android:exported="true"
47-->src\main\AndroidManifest.xml:39:50-73
48            android:screenOrientation="portrait" >
48-->src\main\AndroidManifest.xml:39:13-49
49            <intent-filter>
49-->src\main\AndroidManifest.xml:40:13-44:29
50                <action android:name="android.intent.action.MAIN" />
50-->src\main\AndroidManifest.xml:41:17-69
50-->src\main\AndroidManifest.xml:41:25-66
51
52                <category android:name="android.intent.category.LAUNCHER" />
52-->src\main\AndroidManifest.xml:43:17-77
52-->src\main\AndroidManifest.xml:43:27-74
53            </intent-filter>
54        </activity>
55
56        <meta-data
56-->src\main\AndroidManifest.xml:47:9-49:55
57            android:name="com.razorpay.ApiKey"
57-->src\main\AndroidManifest.xml:48:13-47
58            android:value="rzp_test_PVtCBpH3jKHIDB" />
58-->src\main\AndroidManifest.xml:49:13-52
59        <meta-data
59-->src\main\AndroidManifest.xml:50:9-52:36
60            android:name="com.google.android.gms.wallet.api.enabled"
60-->src\main\AndroidManifest.xml:51:13-69
61            android:value="true" />
61-->src\main\AndroidManifest.xml:52:13-33
62
63        <activity
63-->src\main\AndroidManifest.xml:54:9-110
64            android:name="com.maria.pastelhub.star_collecting.activity.StarCollectingActivity"
64-->src\main\AndroidManifest.xml:54:19-82
65            android:exported="false" />
65-->src\main\AndroidManifest.xml:54:83-107
66        <activity
66-->src\main\AndroidManifest.xml:55:9-83
67            android:name="com.maria.pastelhub.review.ReviewActivity"
67-->src\main\AndroidManifest.xml:55:19-56
68            android:exported="false" />
68-->src\main\AndroidManifest.xml:55:57-81
69        <activity
69-->src\main\AndroidManifest.xml:56:9-88
70            android:name="com.maria.pastelhub.videos.playvideo.PlayVideo"
70-->src\main\AndroidManifest.xml:56:19-61
71            android:exported="false" />
71-->src\main\AndroidManifest.xml:56:62-86
72        <activity
72-->src\main\AndroidManifest.xml:57:9-80
73            android:name="com.maria.pastelhub.videos.songs.Songs"
73-->src\main\AndroidManifest.xml:57:19-53
74            android:exported="false" />
74-->src\main\AndroidManifest.xml:57:54-78
75        <activity
75-->src\main\AndroidManifest.xml:58:9-86
76            android:name="com.maria.pastelhub.videos.weblinks.WebLinks"
76-->src\main\AndroidManifest.xml:58:19-59
77            android:exported="false" />
77-->src\main\AndroidManifest.xml:58:60-84
78        <activity
78-->src\main\AndroidManifest.xml:59:9-61:82
79            android:name="com.maria.pastelhub.videos.livevideos.LiveVideo"
79-->src\main\AndroidManifest.xml:60:13-56
80            android:exported="false"
80-->src\main\AndroidManifest.xml:61:56-80
81            android:screenOrientation="sensorPortrait" />
81-->src\main\AndroidManifest.xml:61:13-55
82        <activity
82-->src\main\AndroidManifest.xml:62:9-90
83            android:name="com.maria.pastelhub.videos.livevideos.LiveVideo1"
83-->src\main\AndroidManifest.xml:62:19-63
84            android:exported="false" />
84-->src\main\AndroidManifest.xml:62:64-88
85        <activity
85-->src\main\AndroidManifest.xml:63:9-65:77
86            android:name="com.maria.pastelhub.videos.FullScreenVideoView"
86-->src\main\AndroidManifest.xml:64:13-55
87            android:exported="false"
87-->src\main\AndroidManifest.xml:65:51-75
88            android:screenOrientation="landscape" />
88-->src\main\AndroidManifest.xml:65:13-50
89        <activity
89-->src\main\AndroidManifest.xml:66:9-94
90            android:name="com.maria.pastelhub.activity.draganddrop.DragandDrop"
90-->src\main\AndroidManifest.xml:66:19-67
91            android:exported="false" />
91-->src\main\AndroidManifest.xml:66:68-92
92        <activity
92-->src\main\AndroidManifest.xml:67:9-96
93            android:name="com.maria.pastelhub.activity.draganddrop.DragandDroplu"
93-->src\main\AndroidManifest.xml:67:19-69
94            android:exported="false" />
94-->src\main\AndroidManifest.xml:67:70-94
95        <activity
95-->src\main\AndroidManifest.xml:68:9-101
96            android:name="com.maria.pastelhub.activity.draganddrop.DragandDropluTamil"
96-->src\main\AndroidManifest.xml:68:19-74
97            android:exported="false" />
97-->src\main\AndroidManifest.xml:68:75-99
98        <activity
98-->src\main\AndroidManifest.xml:69:9-92
99            android:name="com.maria.pastelhub.activity.wordsearch.WordSearch"
99-->src\main\AndroidManifest.xml:69:19-65
100            android:exported="false" />
100-->src\main\AndroidManifest.xml:69:66-90
101        <activity
101-->src\main\AndroidManifest.xml:70:9-98
102            android:name="com.maria.pastelhub.activity.choose.ChooseAnswerActivity"
102-->src\main\AndroidManifest.xml:70:19-71
103            android:exported="false" />
103-->src\main\AndroidManifest.xml:70:72-96
104        <activity
104-->src\main\AndroidManifest.xml:71:9-90
105            android:name="com.maria.pastelhub.splash_screens.VideoActivity"
105-->src\main\AndroidManifest.xml:71:19-63
106            android:exported="false" />
106-->src\main\AndroidManifest.xml:71:64-88
107        <activity
107-->src\main\AndroidManifest.xml:72:9-74:82
108            android:name="com.maria.pastelhub.activity.maze.MazeActivity"
108-->src\main\AndroidManifest.xml:73:13-55
109            android:exported="false"
109-->src\main\AndroidManifest.xml:74:56-80
110            android:screenOrientation="sensorPortrait" />
110-->src\main\AndroidManifest.xml:74:13-55
111        <activity
111-->src\main\AndroidManifest.xml:75:9-77:82
112            android:name="com.maria.pastelhub.activity.colordrawing.MainActivity"
112-->src\main\AndroidManifest.xml:76:13-63
113            android:exported="false"
113-->src\main\AndroidManifest.xml:77:56-80
114            android:screenOrientation="sensorPortrait" />
114-->src\main\AndroidManifest.xml:77:13-55
115        <activity
115-->src\main\AndroidManifest.xml:78:9-98
116            android:name="com.maria.pastelhub.activity.lineconnector.LineConnector"
116-->src\main\AndroidManifest.xml:78:19-71
117            android:exported="false" />
117-->src\main\AndroidManifest.xml:78:72-96
118        <activity
118-->src\main\AndroidManifest.xml:79:9-90
119            android:name="com.maria.pastelhub.activity.match.MatchActivtiy"
119-->src\main\AndroidManifest.xml:79:19-63
120            android:exported="false" />
120-->src\main\AndroidManifest.xml:79:64-88
121        <activity
121-->src\main\AndroidManifest.xml:80:9-93
122            android:name="com.maria.pastelhub.activity.match.LkgMatchActivtiy"
122-->src\main\AndroidManifest.xml:80:19-66
123            android:exported="false" />
123-->src\main\AndroidManifest.xml:80:67-91
124        <activity
124-->src\main\AndroidManifest.xml:81:9-98
125            android:name="com.maria.pastelhub.activity.match.TamilLkgMatchActivtiy"
125-->src\main\AndroidManifest.xml:81:19-71
126            android:exported="false" />
126-->src\main\AndroidManifest.xml:81:72-96
127        <activity
127-->src\main\AndroidManifest.xml:82:9-93
128            android:name="com.maria.pastelhub.activity.match.UkgMatchActivtiy"
128-->src\main\AndroidManifest.xml:82:19-66
129            android:exported="false" />
129-->src\main\AndroidManifest.xml:82:67-91
130        <activity
130-->src\main\AndroidManifest.xml:83:9-90
131            android:name="com.maria.pastelhub.activity.BaseActivityExtends"
131-->src\main\AndroidManifest.xml:83:19-63
132            android:exported="false" />
132-->src\main\AndroidManifest.xml:83:64-88
133        <activity
133-->src\main\AndroidManifest.xml:84:9-85
134            android:name="com.maria.pastelhub.lessons.LessonsActivity"
134-->src\main\AndroidManifest.xml:84:19-58
135            android:exported="false" />
135-->src\main\AndroidManifest.xml:84:59-83
136        <activity
136-->src\main\AndroidManifest.xml:85:9-87
137            android:name="com.maria.pastelhub.lessons.TamilNumberChoose"
137-->src\main\AndroidManifest.xml:85:19-60
138            android:exported="false" />
138-->src\main\AndroidManifest.xml:85:61-85
139        <activity
139-->src\main\AndroidManifest.xml:86:9-88:75
140            android:name="com.maria.pastelhub.ebook.EBook"
140-->src\main\AndroidManifest.xml:87:13-40
141            android:exported="false"
141-->src\main\AndroidManifest.xml:88:49-73
142            android:hardwareAccelerated="false" />
142-->src\main\AndroidManifest.xml:88:13-48
143        <activity
143-->src\main\AndroidManifest.xml:89:9-86
144            android:name="com.maria.pastelhub.book_landing.BookLanding"
144-->src\main\AndroidManifest.xml:89:19-59
145            android:exported="false" />
145-->src\main\AndroidManifest.xml:89:60-84
146        <activity
146-->src\main\AndroidManifest.xml:90:9-85
147            android:name="com.maria.pastelhub.emptystatus.EmptyStatus"
147-->src\main\AndroidManifest.xml:90:19-58
148            android:exported="false" />
148-->src\main\AndroidManifest.xml:90:59-83
149        <activity
149-->src\main\AndroidManifest.xml:91:9-83
150            android:name="com.maria.pastelhub.emptystatus.EmptyView"
150-->src\main\AndroidManifest.xml:91:19-56
151            android:exported="false" />
151-->src\main\AndroidManifest.xml:91:57-81
152        <activity
152-->src\main\AndroidManifest.xml:92:9-77
153            android:name="com.maria.pastelhub.profile.Profile"
153-->src\main\AndroidManifest.xml:92:19-50
154            android:exported="false" />
154-->src\main\AndroidManifest.xml:92:51-75
155        <activity
155-->src\main\AndroidManifest.xml:93:9-83
156            android:name="com.maria.pastelhub.register.Registration"
156-->src\main\AndroidManifest.xml:93:19-56
157            android:exported="false" />
157-->src\main\AndroidManifest.xml:93:57-81
158        <activity
158-->src\main\AndroidManifest.xml:94:9-91
159            android:name="com.maria.pastelhub.forgetpassword.ForgetPassword"
159-->src\main\AndroidManifest.xml:94:19-64
160            android:exported="false" />
160-->src\main\AndroidManifest.xml:94:65-89
161        <activity
161-->src\main\AndroidManifest.xml:95:9-73
162            android:name="com.maria.pastelhub.login.Login"
162-->src\main\AndroidManifest.xml:95:19-46
163            android:exported="false" />
163-->src\main\AndroidManifest.xml:95:47-71
164        <activity
164-->src\main\AndroidManifest.xml:96:9-98:73
165            android:name="com.maria.pastelhub.splash_screens.JesusIntro"
165-->src\main\AndroidManifest.xml:97:13-54
166            android:exported="false"
166-->src\main\AndroidManifest.xml:98:47-71
167            android:theme="@style/LoginTheme" />
167-->src\main\AndroidManifest.xml:98:13-46
168        <activity
168-->src\main\AndroidManifest.xml:99:9-81
169            android:name="com.maria.pastelhub.dashboard.Dashboard"
169-->src\main\AndroidManifest.xml:99:19-54
170            android:exported="false" />
170-->src\main\AndroidManifest.xml:99:55-79
171
172        <service
172-->src\main\AndroidManifest.xml:101:9-82
173            android:name="com.maria.pastelhub.services.MusicService"
173-->src\main\AndroidManifest.xml:101:18-55
174            android:exported="false" />
174-->src\main\AndroidManifest.xml:101:56-80
175
176        <receiver
176-->src\main\AndroidManifest.xml:103:9-108:20
177            android:name="com.razorpay.RzpTokenReceiver"
177-->src\main\AndroidManifest.xml:103:19-63
178            android:exported="false" >
178-->src\main\AndroidManifest.xml:104:13-37
179            <intent-filter>
179-->src\main\AndroidManifest.xml:105:13-107:29
180                <action android:name="rzp.device_token.share" />
180-->src\main\AndroidManifest.xml:106:17-65
180-->src\main\AndroidManifest.xml:106:25-62
181            </intent-filter>
182        </receiver>
183
184        <activity
184-->src\main\AndroidManifest.xml:110:9-122:20
185            android:name="com.razorpay.CheckoutActivity"
185-->src\main\AndroidManifest.xml:111:13-57
186            android:configChanges="keyboard|keyboardHidden|orientation|screenSize"
186-->src\main\AndroidManifest.xml:112:13-83
187            android:exported="true"
187-->src\main\AndroidManifest.xml:113:13-36
188            android:theme="@style/CheckoutTheme" >
188-->src\main\AndroidManifest.xml:114:13-49
189            <intent-filter>
189-->src\main\AndroidManifest.xml:115:13-121:29
190                <action android:name="android.intent.action.MAIN" />
190-->src\main\AndroidManifest.xml:41:17-69
190-->src\main\AndroidManifest.xml:41:25-66
191
192                <data
192-->src\main\AndroidManifest.xml:118:17-120:47
193                    android:host="rzp.io"
193-->src\main\AndroidManifest.xml:119:21-42
194                    android:scheme="io.rzp" />
194-->src\main\AndroidManifest.xml:120:21-44
195            </intent-filter>
196        </activity>
197        <activity
197-->[com.karumi:dexter:6.2.0] AndroidManifest.xml:27:9-29:72
198            android:name="com.karumi.dexter.DexterActivity"
198-->[com.karumi:dexter:6.2.0] AndroidManifest.xml:28:13-60
199            android:theme="@style/Dexter.Internal.Theme.Transparent" />
199-->[com.karumi:dexter:6.2.0] AndroidManifest.xml:29:13-69
200
201        <provider
201-->[com.squareup.picasso:picasso:2.71828] AndroidManifest.xml:8:9-11:40
202            android:name="com.squareup.picasso.PicassoProvider"
202-->[com.squareup.picasso:picasso:2.71828] AndroidManifest.xml:9:13-64
203            android:authorities="com.maria.pastelhub.com.squareup.picasso"
203-->[com.squareup.picasso:picasso:2.71828] AndroidManifest.xml:10:13-72
204            android:exported="false" />
204-->[com.squareup.picasso:picasso:2.71828] AndroidManifest.xml:11:13-37
205        <provider
205-->[androidx.lifecycle:lifecycle-process:2.0.0] AndroidManifest.xml:23:9-27:43
206            android:name="androidx.lifecycle.ProcessLifecycleOwnerInitializer"
206-->[androidx.lifecycle:lifecycle-process:2.0.0] AndroidManifest.xml:24:13-79
207            android:authorities="com.maria.pastelhub.lifecycle-process"
207-->[androidx.lifecycle:lifecycle-process:2.0.0] AndroidManifest.xml:25:13-69
208            android:exported="false"
208-->[androidx.lifecycle:lifecycle-process:2.0.0] AndroidManifest.xml:26:13-37
209            android:multiprocess="true" />
209-->[androidx.lifecycle:lifecycle-process:2.0.0] AndroidManifest.xml:27:13-40
210
211        <activity
211-->[com.google.android.gms:play-services-auth:17.0.0] AndroidManifest.xml:23:9-27:75
212            android:name="com.google.android.gms.auth.api.signin.internal.SignInHubActivity"
212-->[com.google.android.gms:play-services-auth:17.0.0] AndroidManifest.xml:24:13-93
213            android:excludeFromRecents="true"
213-->[com.google.android.gms:play-services-auth:17.0.0] AndroidManifest.xml:25:13-46
214            android:exported="false"
214-->[com.google.android.gms:play-services-auth:17.0.0] AndroidManifest.xml:26:13-37
215            android:theme="@android:style/Theme.Translucent.NoTitleBar" />
215-->[com.google.android.gms:play-services-auth:17.0.0] AndroidManifest.xml:27:13-72
216        <!--
217            Service handling Google Sign-In user revocation. For apps that do not integrate with
218            Google Sign-In, this service will never be started.
219        -->
220        <service
220-->[com.google.android.gms:play-services-auth:17.0.0] AndroidManifest.xml:33:9-36:110
221            android:name="com.google.android.gms.auth.api.signin.RevocationBoundService"
221-->[com.google.android.gms:play-services-auth:17.0.0] AndroidManifest.xml:34:13-89
222            android:exported="true"
222-->[com.google.android.gms:play-services-auth:17.0.0] AndroidManifest.xml:35:13-36
223            android:permission="com.google.android.gms.auth.api.signin.permission.REVOCATION_NOTIFICATION" />
223-->[com.google.android.gms:play-services-auth:17.0.0] AndroidManifest.xml:36:13-107
224
225        <activity
225-->[com.google.android.gms:play-services-base:17.0.0] AndroidManifest.xml:23:9-26:75
226            android:name="com.google.android.gms.common.api.GoogleApiActivity"
226-->[com.google.android.gms:play-services-base:17.0.0] AndroidManifest.xml:24:13-79
227            android:exported="false"
227-->[com.google.android.gms:play-services-base:17.0.0] AndroidManifest.xml:25:13-37
228            android:theme="@android:style/Theme.Translucent.NoTitleBar" />
228-->[com.google.android.gms:play-services-base:17.0.0] AndroidManifest.xml:26:13-72
229
230        <meta-data
230-->[com.google.android.gms:play-services-basement:17.0.0] AndroidManifest.xml:23:9-25:69
231            android:name="com.google.android.gms.version"
231-->[com.google.android.gms:play-services-basement:17.0.0] AndroidManifest.xml:24:13-58
232            android:value="@integer/google_play_services_version" />
232-->[com.google.android.gms:play-services-basement:17.0.0] AndroidManifest.xml:25:13-66
233    </application>
234
235</manifest>